[2017-07-10 16:24:56.788] [INFO] crash-log - [32m[G:\sidigo_sever\sidigo_qipai\game-server\node_modules\pomelo\lib\master\master.js] [39m[auth],[auth-server-1],[1499675096788],[disconnect]
[2017-07-10 16:24:56.822] [INFO] crash-log - [32m[G:\sidigo_sever\sidigo_qipai\game-server\node_modules\pomelo\lib\master\master.js] [39m[area],[area-server-2],[1499675096822],[disconnect]
[2017-07-10 16:24:56.826] [INFO] crash-log - [32m[G:\sidigo_sever\sidigo_qipai\game-server\node_modules\pomelo\lib\master\master.js] [39m[area],[area-server-1],[1499675096826],[disconnect]
[2017-07-10 16:24:56.851] [INFO] crash-log - [32m[G:\sidigo_sever\sidigo_qipai\game-server\node_modules\pomelo\lib\master\master.js] [39m[connector],[connector-server-2],[1499675096851],[disconnect]
[2017-07-10 16:24:56.853] [INFO] crash-log - [32m[G:\sidigo_sever\sidigo_qipai\game-server\node_modules\pomelo\lib\master\master.js] [39m[connector],[connector-server-1],[1499675096853],[disconnect]
[2017-07-11 00:14:38.237] [INFO] crash-log - [32m[G:\sidigo_sever\sidigo_qipai\game-server\node_modules\pomelo\lib\master\master.js] [39m[auth],[auth-server-1],[1499703278236],[disconnect]
[2017-07-11 00:14:38.275] [INFO] crash-log - [32m[G:\sidigo_sever\sidigo_qipai\game-server\node_modules\pomelo\lib\master\master.js] [39m[area],[area-server-2],[1499703278274],[disconnect]
[2017-07-11 00:14:38.284] [INFO] crash-log - [32m[G:\sidigo_sever\sidigo_qipai\game-server\node_modules\pomelo\lib\master\master.js] [39m[area],[area-server-1],[1499703278284],[disconnect]
[2017-07-11 00:14:38.294] [INFO] crash-log - [32m[G:\sidigo_sever\sidigo_qipai\game-server\node_modules\pomelo\lib\master\master.js] [39m[connector],[connector-server-2],[1499703278294],[disconnect]
[2017-07-11 00:14:38.304] [INFO] crash-log - [32m[G:\sidigo_sever\sidigo_qipai\game-server\node_modules\pomelo\lib\master\master.js] [39m[connector],[connector-server-1],[1499703278304],[disconnect]
[2017-07-11 00:14:38.337] [INFO] crash-log - [32m[G:\sidigo_sever\sidigo_qipai\game-server\node_modules\pomelo\lib\master\master.js] [39m[gate],[gate-server-1],[1499703278336],[disconnect]
[2017-07-12 23:34:31.437] [INFO] crash-log - [32m[G:\sidigo_sever\sidigo_qipai\game-server\node_modules\pomelo\lib\master\master.js] [39m[auth],[auth-server-1],[1499873671437],[disconnect]
[2017-07-12 23:34:31.481] [INFO] crash-log - [32m[G:\sidigo_sever\sidigo_qipai\game-server\node_modules\pomelo\lib\master\master.js] [39m[area],[area-server-2],[1499873671481],[disconnect]
[2017-07-12 23:34:31.497] [INFO] crash-log - [32m[G:\sidigo_sever\sidigo_qipai\game-server\node_modules\pomelo\lib\master\master.js] [39m[area],[area-server-1],[1499873671497],[disconnect]
[2017-07-12 23:34:31.516] [INFO] crash-log - [32m[G:\sidigo_sever\sidigo_qipai\game-server\node_modules\pomelo\lib\master\master.js] [39m[connector],[connector-server-2],[1499873671516],[disconnect]
[2017-07-12 23:34:31.528] [INFO] crash-log - [32m[G:\sidigo_sever\sidigo_qipai\game-server\node_modules\pomelo\lib\master\master.js] [39m[connector],[connector-server-1],[1499873671528],[disconnect]
[2017-07-12 23:34:31.536] [INFO] crash-log - [32m[G:\sidigo_sever\sidigo_qipai\game-server\node_modules\pomelo\lib\master\master.js] [39m[gate],[gate-server-1],[1499873671536],[disconnect]
[2017-07-13 22:40:08.834] [INFO] crash-log - [32m[G:\sidigo_sever\sidigo_qipai\game-server\node_modules\pomelo\lib\master\master.js] [39m[fjh],[fjh-server-1],[1499956808834],[disconnect]
[2017-07-13 22:40:09.361] [INFO] crash-log - [32m[G:\sidigo_sever\sidigo_qipai\game-server\node_modules\pomelo\lib\master\master.js] [39m[area],[area-server-2],[1499956809361],[disconnect]
[2017-07-13 22:40:09.364] [INFO] crash-log - [32m[G:\sidigo_sever\sidigo_qipai\game-server\node_modules\pomelo\lib\master\master.js] [39m[auth],[auth-server-1],[1499956809364],[disconnect]
[2017-07-13 22:40:09.374] [INFO] crash-log - [32m[G:\sidigo_sever\sidigo_qipai\game-server\node_modules\pomelo\lib\master\master.js] [39m[area],[area-server-1],[1499956809374],[disconnect]
[2017-07-13 22:40:09.384] [INFO] crash-log - [32m[G:\sidigo_sever\sidigo_qipai\game-server\node_modules\pomelo\lib\master\master.js] [39m[connector],[connector-server-2],[1499956809384],[disconnect]
[2017-07-13 22:40:09.397] [INFO] crash-log - [32m[G:\sidigo_sever\sidigo_qipai\game-server\node_modules\pomelo\lib\master\master.js] [39m[connector],[connector-server-1],[1499956809397],[disconnect]
[2017-07-13 22:40:09.405] [INFO] crash-log - [32m[G:\sidigo_sever\sidigo_qipai\game-server\node_modules\pomelo\lib\master\master.js] [39m[gate],[gate-server-1],[1499956809405],[disconnect]
[2017-07-15 13:41:04.409] [INFO] crash-log - [32m[G:\sidigo_sever\sidigo_qipai\game-server\node_modules\pomelo\lib\master\master.js] [39m[fjh],[fjh-server-1],[1500097264409],[disconnect]
[2017-07-15 13:41:04.492] [INFO] crash-log - [32m[G:\sidigo_sever\sidigo_qipai\game-server\node_modules\pomelo\lib\master\master.js] [39m[auth],[auth-server-1],[1500097264492],[disconnect]
[2017-07-15 13:41:04.500] [INFO] crash-log - [32m[G:\sidigo_sever\sidigo_qipai\game-server\node_modules\pomelo\lib\master\master.js] [39m[area],[area-server-2],[1500097264500],[disconnect]
[2017-07-15 13:41:04.508] [INFO] crash-log - [32m[G:\sidigo_sever\sidigo_qipai\game-server\node_modules\pomelo\lib\master\master.js] [39m[area],[area-server-1],[1500097264508],[disconnect]
[2017-07-15 13:41:04.518] [INFO] crash-log - [32m[G:\sidigo_sever\sidigo_qipai\game-server\node_modules\pomelo\lib\master\master.js] [39m[connector],[connector-server-2],[1500097264518],[disconnect]
[2017-07-15 13:41:04.527] [INFO] crash-log - [32m[G:\sidigo_sever\sidigo_qipai\game-server\node_modules\pomelo\lib\master\master.js] [39m[connector],[connector-server-1],[1500097264527],[disconnect]
[2017-07-15 13:41:04.536] [INFO] crash-log - [32m[G:\sidigo_sever\sidigo_qipai\game-server\node_modules\pomelo\lib\master\master.js] [39m[gate],[gate-server-1],[1500097264536],[disconnect]
[2017-07-16 20:13:07.181] [INFO] crash-log - [32m[G:\sidigo_sever\sidigo_qipai\game-server\node_modules\pomelo\lib\master\master.js] [39m[fjh],[fjh-server-1],[1500207187181],[disconnect]
[2017-07-16 20:13:07.186] [INFO] crash-log - [32m[G:\sidigo_sever\sidigo_qipai\game-server\node_modules\pomelo\lib\master\master.js] [39m[area],[area-server-1],[1500207187186],[disconnect]
[2017-07-16 20:13:07.188] [INFO] crash-log - [32m[G:\sidigo_sever\sidigo_qipai\game-server\node_modules\pomelo\lib\master\master.js] [39m[area],[area-server-2],[1500207187188],[disconnect]
[2017-07-16 20:13:07.189] [INFO] crash-log - [32m[G:\sidigo_sever\sidigo_qipai\game-server\node_modules\pomelo\lib\master\master.js] [39m[auth],[auth-server-1],[1500207187189],[disconnect]
[2017-07-16 20:13:07.202] [INFO] crash-log - [32m[G:\sidigo_sever\sidigo_qipai\game-server\node_modules\pomelo\lib\master\master.js] [39m[connector],[connector-server-2],[1500207187202],[disconnect]
[2017-07-16 20:13:07.221] [INFO] crash-log - [32m[G:\sidigo_sever\sidigo_qipai\game-server\node_modules\pomelo\lib\master\master.js] [39m[connector],[connector-server-1],[1500207187221],[disconnect]
[2017-07-16 20:13:07.223] [INFO] crash-log - [32m[G:\sidigo_sever\sidigo_qipai\game-server\node_modules\pomelo\lib\master\master.js] [39m[gate],[gate-server-1],[1500207187223],[disconnect]
[2017-07-17 23:34:57.073] [INFO] crash-log - [32m[G:\sidigo_sever\sidigo_qipai\game-server\node_modules\pomelo\lib\master\master.js] [39m[fjh],[fjh-server-1],[1500305697073],[disconnect]
[2017-07-17 23:34:57.353] [INFO] crash-log - [32m[G:\sidigo_sever\sidigo_qipai\game-server\node_modules\pomelo\lib\master\master.js] [39m[auth],[auth-server-1],[1500305697353],[disconnect]
[2017-07-17 23:34:57.362] [INFO] crash-log - [32m[G:\sidigo_sever\sidigo_qipai\game-server\node_modules\pomelo\lib\master\master.js] [39m[area],[area-server-2],[1500305697362],[disconnect]
[2017-07-17 23:34:57.371] [INFO] crash-log - [32m[G:\sidigo_sever\sidigo_qipai\game-server\node_modules\pomelo\lib\master\master.js] [39m[area],[area-server-1],[1500305697371],[disconnect]
[2017-07-17 23:34:57.379] [INFO] crash-log - [32m[G:\sidigo_sever\sidigo_qipai\game-server\node_modules\pomelo\lib\master\master.js] [39m[connector],[connector-server-2],[1500305697379],[disconnect]
[2017-07-17 23:34:57.390] [INFO] crash-log - [32m[G:\sidigo_sever\sidigo_qipai\game-server\node_modules\pomelo\lib\master\master.js] [39m[connector],[connector-server-1],[1500305697390],[disconnect]
[2017-07-17 23:34:57.399] [INFO] crash-log - [32m[G:\sidigo_sever\sidigo_qipai\game-server\node_modules\pomelo\lib\master\master.js] [39m[gate],[gate-server-1],[1500305697399],[disconnect]
[2017-07-19 23:51:15.526] [INFO] crash-log - [32m[G:\sidigo_sever\sidigo_qipai\game-server\node_modules\pomelo\lib\master\master.js] [39m[fjh],[fjh-server-1],[1500479475526],[disconnect]
[2017-07-19 23:51:15.563] [INFO] crash-log - [32m[G:\sidigo_sever\sidigo_qipai\game-server\node_modules\pomelo\lib\master\master.js] [39m[auth],[auth-server-1],[1500479475563],[disconnect]
[2017-07-19 23:51:15.571] [INFO] crash-log - [32m[G:\sidigo_sever\sidigo_qipai\game-server\node_modules\pomelo\lib\master\master.js] [39m[area],[area-server-2],[1500479475571],[disconnect]
[2017-07-19 23:51:15.580] [INFO] crash-log - [32m[G:\sidigo_sever\sidigo_qipai\game-server\node_modules\pomelo\lib\master\master.js] [39m[area],[area-server-1],[1500479475580],[disconnect]
[2017-07-19 23:51:15.589] [INFO] crash-log - [32m[G:\sidigo_sever\sidigo_qipai\game-server\node_modules\pomelo\lib\master\master.js] [39m[connector],[connector-server-2],[1500479475589],[disconnect]
[2017-07-19 23:51:15.599] [INFO] crash-log - [32m[G:\sidigo_sever\sidigo_qipai\game-server\node_modules\pomelo\lib\master\master.js] [39m[connector],[connector-server-1],[1500479475599],[disconnect]
[2017-07-19 23:51:15.607] [INFO] crash-log - [32m[G:\sidigo_sever\sidigo_qipai\game-server\node_modules\pomelo\lib\master\master.js] [39m[gate],[gate-server-1],[1500479475607],[disconnect]
[2017-07-22 00:58:41.942] [INFO] crash-log - [32m[G:\sidigo_sever\sidigo_qipai\game-server\node_modules\pomelo\lib\master\master.js] [39m[fjh],[fjh-server-1],[1500656321942],[disconnect]
[2017-07-22 00:58:41.991] [INFO] crash-log - [32m[G:\sidigo_sever\sidigo_qipai\game-server\node_modules\pomelo\lib\master\master.js] [39m[auth],[auth-server-1],[1500656321991],[disconnect]
[2017-07-22 00:58:42.000] [INFO] crash-log - [32m[G:\sidigo_sever\sidigo_qipai\game-server\node_modules\pomelo\lib\master\master.js] [39m[area],[area-server-2],[1500656322000],[disconnect]
[2017-07-22 00:58:42.011] [INFO] crash-log - [32m[G:\sidigo_sever\sidigo_qipai\game-server\node_modules\pomelo\lib\master\master.js] [39m[area],[area-server-1],[1500656322011],[disconnect]
[2017-07-22 00:58:42.020] [INFO] crash-log - [32m[G:\sidigo_sever\sidigo_qipai\game-server\node_modules\pomelo\lib\master\master.js] [39m[connector],[connector-server-2],[1500656322020],[disconnect]
[2017-07-22 00:58:42.029] [INFO] crash-log - [32m[G:\sidigo_sever\sidigo_qipai\game-server\node_modules\pomelo\lib\master\master.js] [39m[connector],[connector-server-1],[1500656322029],[disconnect]
[2017-07-22 00:58:42.039] [INFO] crash-log - [32m[G:\sidigo_sever\sidigo_qipai\game-server\node_modules\pomelo\lib\master\master.js] [39m[gate],[gate-server-1],[1500656322039],[disconnect]
[2017-07-31 09:15:22.439] [INFO] crash-log - [32m[g:\sidigo_sever\sidigo_qipai\game-server\node_modules\pomelo\lib\master\master.js] [39m[client],[pomelo_list_1501463722332],[1501463722439],[disconnect]
