[2017-07-06 14:05:45.480] [ERROR] pomelo-rpc - [31m[mqtt-acceptor] [39mprocess rpc message error TypeError: Cannot read property 'get' of undefined
    at Object.remote.userEnter (G:\sidigo_sever\sidigo_qipai\game-server\app\servers\area\remote\userRemote.js:6:48)
    at Dispatcher.pro.route (G:\sidigo_sever\sidigo_qipai\game-server\node_modules\pomelo-rpc\lib\rpc-server\dispatcher.js:52:10)
    at Acceptor.cb (G:\sidigo_sever\sidigo_qipai\game-server\node_modules\pomelo-rpc\lib\rpc-server\gateway.js:22:16)
    at processMsg (G:\sidigo_sever\sidigo_qipai\game-server\node_modules\pomelo-rpc\lib\rpc-server\acceptors\mqtt-acceptor.js:138:12)
    at Connection.<anonymous> (G:\sidigo_sever\sidigo_qipai\game-server\node_modules\pomelo-rpc\lib\rpc-server\acceptors\mqtt-acceptor.js:62:11)
    at emitOne (events.js:115:13)
    at Connection.emit (events.js:210:7)
    at Connection.emitPacket (G:\sidigo_sever\sidigo_qipai\game-server\node_modules\mqtt-connection\connection.js:14:8)
    at emitOne (events.js:115:13)
    at Connection.emit (events.js:210:7)
[2017-07-10 16:21:44.768] [ERROR] pomelo-rpc - [31m[mqtt-acceptor] [39mrpc server is error: "Error: listen EADDRINUSE :::3160\n    at Object.exports._errnoException (util.js:1016:11)\n    at exports._exceptionWithHostPort (util.js:1039:20)\n    at Server.setupListenHandle [as _listen2] (net.js:1307:14)\n    at listenInCluster (net.js:1355:12)\n    at Server.listen (net.js:1455:7)\n    at Acceptor.pro.listen (G:\\sidigo_sever\\sidigo_qipai\\game-server\\node_modules\\pomelo-rpc\\lib\\rpc-server\\acceptors\\mqtt-acceptor.js:38:15)\n    at Gateway.pro.start (G:\\sidigo_sever\\sidigo_qipai\\game-server\\node_modules\\pomelo-rpc\\lib\\rpc-server\\gateway.js:49:17)\n    at Component.pro.start (G:\\sidigo_sever\\sidigo_qipai\\game-server\\node_modules\\pomelo\\lib\\components\\remote.js:54:15)\n    at G:\\sidigo_sever\\sidigo_qipai\\game-server\\node_modules\\pomelo\\lib\\util\\appUtil.js:111:19\n    at iterate (G:\\sidigo_sever\\sidigo_qipai\\game-server\\node_modules\\async\\lib\\async.js:123:13)"
[2017-07-10 16:24:26.567] [ERROR] pomelo-rpc - [31m[mqtt-acceptor] [39mrpc server is error: "Error: listen EADDRINUSE :::3160\n    at Object.exports._errnoException (util.js:1016:11)\n    at exports._exceptionWithHostPort (util.js:1039:20)\n    at Server.setupListenHandle [as _listen2] (net.js:1307:14)\n    at listenInCluster (net.js:1355:12)\n    at Server.listen (net.js:1455:7)\n    at Acceptor.pro.listen (G:\\sidigo_sever\\sidigo_qipai\\game-server\\node_modules\\pomelo-rpc\\lib\\rpc-server\\acceptors\\mqtt-acceptor.js:38:15)\n    at Gateway.pro.start (G:\\sidigo_sever\\sidigo_qipai\\game-server\\node_modules\\pomelo-rpc\\lib\\rpc-server\\gateway.js:49:17)\n    at Component.pro.start (G:\\sidigo_sever\\sidigo_qipai\\game-server\\node_modules\\pomelo\\lib\\components\\remote.js:54:15)\n    at G:\\sidigo_sever\\sidigo_qipai\\game-server\\node_modules\\pomelo\\lib\\util\\appUtil.js:111:19\n    at iterate (G:\\sidigo_sever\\sidigo_qipai\\game-server\\node_modules\\async\\lib\\async.js:123:13)"
[2017-07-18 11:08:43.518] [ERROR] pomelo-rpc - [31m[mqtt-acceptor] [39mprocess rpc message error TypeError: Cannot read property 'qiangDiZhi' of undefined
    at Instance.qiangDiZhi (G:\sidigo_sever\sidigo_qipai\game-server\app\domain\area.js:53:27)
    at Object.handler.qiangDiZhi (G:\sidigo_sever\sidigo_qipai\game-server\app\servers\area\handler\userHandler.js:18:10)
    at Service.handle (G:\sidigo_sever\sidigo_qipai\game-server\node_modules\pomelo\lib\common\service\handlerService.js:59:20)
    at handle (G:\sidigo_sever\sidigo_qipai\game-server\node_modules\pomelo\lib\server\server.js:375:25)
    at next (G:\sidigo_sever\sidigo_qipai\game-server\node_modules\pomelo\lib\common\service\filterService.js:50:7)
    at Service.beforeFilter (G:\sidigo_sever\sidigo_qipai\game-server\node_modules\pomelo\lib\common\service\filterService.js:65:3)
    at beforeFilter (G:\sidigo_sever\sidigo_qipai\game-server\node_modules\pomelo\lib\server\server.js:242:8)
    at doHandle (G:\sidigo_sever\sidigo_qipai\game-server\node_modules\pomelo\lib\server\server.js:388:3)
    at Server.pro.handle (G:\sidigo_sever\sidigo_qipai\game-server\node_modules\pomelo\lib\server\server.js:125:3)
    at Component.pro.handle (G:\sidigo_sever\sidigo_qipai\game-server\node_modules\pomelo\lib\components\server.js:67:14)
[2017-07-18 11:46:40.833] [ERROR] pomelo-rpc - [31m[mqtt-acceptor] [39mprocess rpc message error TypeError: Cannot read property 'qiangDiZhi' of undefined
    at Instance.qiangDiZhi (G:\sidigo_sever\sidigo_qipai\game-server\app\domain\area.js:53:27)
    at Object.handler.qiangDiZhi (G:\sidigo_sever\sidigo_qipai\game-server\app\servers\area\handler\userHandler.js:18:10)
    at Service.handle (G:\sidigo_sever\sidigo_qipai\game-server\node_modules\pomelo\lib\common\service\handlerService.js:59:20)
    at handle (G:\sidigo_sever\sidigo_qipai\game-server\node_modules\pomelo\lib\server\server.js:375:25)
    at next (G:\sidigo_sever\sidigo_qipai\game-server\node_modules\pomelo\lib\common\service\filterService.js:50:7)
    at Service.beforeFilter (G:\sidigo_sever\sidigo_qipai\game-server\node_modules\pomelo\lib\common\service\filterService.js:65:3)
    at beforeFilter (G:\sidigo_sever\sidigo_qipai\game-server\node_modules\pomelo\lib\server\server.js:242:8)
    at doHandle (G:\sidigo_sever\sidigo_qipai\game-server\node_modules\pomelo\lib\server\server.js:388:3)
    at Server.pro.handle (G:\sidigo_sever\sidigo_qipai\game-server\node_modules\pomelo\lib\server\server.js:125:3)
    at Component.pro.handle (G:\sidigo_sever\sidigo_qipai\game-server\node_modules\pomelo\lib\components\server.js:67:14)
[2017-07-18 12:03:07.616] [ERROR] pomelo-rpc - [31m[mqtt-acceptor] [39mprocess rpc message error TypeError: Cannot read property 'qiangDiZhi' of undefined
    at Instance.qiangDiZhi (G:\sidigo_sever\sidigo_qipai\game-server\app\domain\area.js:54:27)
    at Object.handler.qiangDiZhi (G:\sidigo_sever\sidigo_qipai\game-server\app\servers\area\handler\userHandler.js:18:10)
    at Service.handle (G:\sidigo_sever\sidigo_qipai\game-server\node_modules\pomelo\lib\common\service\handlerService.js:59:20)
    at handle (G:\sidigo_sever\sidigo_qipai\game-server\node_modules\pomelo\lib\server\server.js:375:25)
    at next (G:\sidigo_sever\sidigo_qipai\game-server\node_modules\pomelo\lib\common\service\filterService.js:50:7)
    at Service.beforeFilter (G:\sidigo_sever\sidigo_qipai\game-server\node_modules\pomelo\lib\common\service\filterService.js:65:3)
    at beforeFilter (G:\sidigo_sever\sidigo_qipai\game-server\node_modules\pomelo\lib\server\server.js:242:8)
    at doHandle (G:\sidigo_sever\sidigo_qipai\game-server\node_modules\pomelo\lib\server\server.js:388:3)
    at Server.pro.handle (G:\sidigo_sever\sidigo_qipai\game-server\node_modules\pomelo\lib\server\server.js:125:3)
    at Component.pro.handle (G:\sidigo_sever\sidigo_qipai\game-server\node_modules\pomelo\lib\components\server.js:67:14)
